[debug] [2023-05-12T10:57:10.415Z] ----------------------------------------------------------------------
[debug] [2023-05-12T10:57:10.418Z] Command:       C:\Program Files\nodejs\node.exe C:\Users\SHIVA\AppData\Roaming\npm\node_modules\firebase-tools\lib\bin\firebase.js init
[debug] [2023-05-12T10:57:10.418Z] CLI Version:   11.28.0
[debug] [2023-05-12T10:57:10.419Z] Platform:      win32
[debug] [2023-05-12T10:57:10.419Z] Node Version:  v16.18.0
[debug] [2023-05-12T10:57:10.420Z] Time:          Fri May 12 2023 16:27:10 GMT+0530 (India Standard Time)
[debug] [2023-05-12T10:57:10.421Z] ----------------------------------------------------------------------
[debug] 
[debug] [2023-05-12T10:57:10.428Z] >>> [apiv2][query] GET https://firebase-public.firebaseio.com/cli.json [none]
[debug] [2023-05-12T10:57:10.455Z] > command requires scopes: ["email","openid","https://www.googleapis.com/auth/cloudplatformprojects.readonly","https://www.googleapis.com/auth/firebase","https://www.googleapis.com/auth/cloud-platform"]
[debug] [2023-05-12T10:57:10.455Z] > authorizing via signed-in user (shivang.shrivastava_cs20@gla.ac.in)
[info] 
     ######## #### ########  ######## ########     ###     ######  ########
     ##        ##  ##     ## ##       ##     ##  ##   ##  ##       ##
     ######    ##  ########  ######   ########  #########  ######  ######
     ##        ##  ##    ##  ##       ##     ## ##     ##       ## ##
     ##       #### ##     ## ######## ########  ##     ##  ######  ########

You're about to initialize a Firebase project in this directory:

  C:\Users\SHIVA\Downloads\twitter-clone-yt-main\twitter-clone-yt-main\client

[debug] [2023-05-12T10:57:15.048Z] <<< [apiv2][status] GET https://firebase-public.firebaseio.com/cli.json 200
[debug] [2023-05-12T10:57:15.049Z] <<< [apiv2][body] GET https://firebase-public.firebaseio.com/cli.json {"cloudBuildErrorAfter":1594252800000,"cloudBuildWarnAfter":1590019200000,"defaultNode10After":1594252800000,"minVersion":"3.0.5","node8DeploysDisabledAfter":1613390400000,"node8RuntimeDisabledAfter":1615809600000,"node8WarnAfter":1600128000000}
[info] 
=== Project Setup
[info] 
[info] First, let's associate this project directory with a Firebase project.
[info] You can create multiple project aliases by running firebase use --add, 
[info] but for now we'll just set up a default project.
[info] 
[debug] [2023-05-12T10:57:32.634Z] > refreshing access token with scopes: []
[debug] [2023-05-12T10:57:32.637Z] >>> [apiv2][query] POST https://www.googleapis.com/oauth2/v3/token [none]
[debug] [2023-05-12T10:57:32.637Z] >>> [apiv2][body] POST https://www.googleapis.com/oauth2/v3/token [omitted]
[debug] [2023-05-12T10:57:33.397Z] <<< [apiv2][status] POST https://www.googleapis.com/oauth2/v3/token 200
[debug] [2023-05-12T10:57:33.398Z] <<< [apiv2][body] POST https://www.googleapis.com/oauth2/v3/token [omitted]
[debug] [2023-05-12T10:57:33.422Z] >>> [apiv2][query] GET https://firebase.googleapis.com/v1beta1/projects pageSize=100
[debug] [2023-05-12T10:57:35.047Z] <<< [apiv2][status] GET https://firebase.googleapis.com/v1beta1/projects 200
[debug] [2023-05-12T10:57:35.047Z] <<< [apiv2][body] GET https://firebase.googleapis.com/v1beta1/projects [omitted]
